<?xml version="1.0" encoding="UTF-8"?>
<!-- Generated by org.testng.reporters.JUnitReportReporter -->
<testsuite skipped="0" hostname="LAPTOP-IFLMPRQ2" name="com.fitsyn.qa.testcases.RailTwoWithOptinInitiateApplication" tests="1" failures="0" timestamp="2021-11-24T19:04:42 IST" time="115.928" errors="0">
  <testcase name="createRailtwoWithoptinApplication" time="115.928" classname="com.fitsyn.qa.testcases.RailTwoWithOptinInitiateApplication"/>
  <system-out/>
</testsuite> <!-- com.fitsyn.qa.testcases.RailTwoWithOptinInitiateApplication -->
