<?xml version="1.0" encoding="UTF-8"?>
<!-- Generated by org.testng.reporters.JUnitReportReporter -->
<testsuite skipped="0" hostname="LAPTOP-IFLMPRQ2" name="com.fitsyn.qa.testcases.CreateUsers" tests="1" failures="0" timestamp="2021-12-09T18:35:14 IST" time="15.827" errors="0">
  <testcase name="sortAdminUser" time="15.827" classname="com.fitsyn.qa.testcases.CreateUsers"/>
  <system-out/>
</testsuite> <!-- com.fitsyn.qa.testcases.CreateUsers -->
