<?xml version="1.0" encoding="UTF-8"?>
<!-- Generated by org.testng.reporters.JUnitReportReporter -->
<testsuite skipped="0" hostname="LAPTOP-IFLMPRQ2" name="com.fitsyn.qa.testcases.AddServiceRequest" tests="1" failures="0" timestamp="2021-11-30T12:07:37 IST" time="23.455" errors="0">
  <testcase name="addServiceRequest" time="23.455" classname="com.fitsyn.qa.testcases.AddServiceRequest"/>
  <system-out/>
</testsuite> <!-- com.fitsyn.qa.testcases.AddServiceRequest -->
