<?xml version="1.0" encoding="UTF-8"?>
<!-- Generated by org.testng.reporters.JUnitReportReporter -->
<testsuite skipped="0" hostname="LAPTOP-IFLMPRQ2" name="com.fitsyn.qa.testcases.RepresentativeUser" tests="7" failures="0" timestamp="2021-07-28T17:38:52 IST" time="142.903" errors="0">
  <testcase name="userRepresentative" time="32.288" classname="com.fitsyn.qa.testcases.RepresentativeUser"/>
  <system-out/>
  <testcase name="userAccess" time="27.515" classname="com.fitsyn.qa.testcases.RepresentativeUser"/>
  <system-out/>
  <testcase name="userEdit" time="18.721" classname="com.fitsyn.qa.testcases.RepresentativeUser"/>
  <system-out/>
  <testcase name="changePassword" time="14.959" classname="com.fitsyn.qa.testcases.RepresentativeUser"/>
  <system-out/>
  <testcase name="editCommission" time="11.172" classname="com.fitsyn.qa.testcases.RepresentativeUser"/>
  <system-out/>
  <testcase name="activeAndInactive" time="11.308" classname="com.fitsyn.qa.testcases.RepresentativeUser"/>
  <system-out/>
  <testcase name="switchToUserAccount" time="26.940" classname="com.fitsyn.qa.testcases.RepresentativeUser"/>
  <system-out/>
</testsuite> <!-- com.fitsyn.qa.testcases.RepresentativeUser -->
