<?xml version="1.0" encoding="UTF-8"?>
<!-- Generated by org.testng.reporters.JUnitReportReporter -->
<testsuite skipped="0" hostname="LAPTOP-IFLMPRQ2" name="com.fitsyn.qa.testcases.RailSixApplicationAPIDataSubmit" tests="2" failures="0" timestamp="2021-10-19T13:23:36 IST" time="39.073" errors="0">
  <testcase name="createApplicationRailSixPOSTAPI" time="4.006" classname="com.fitsyn.qa.testcases.RailSixApplicationAPIDataSubmit"/>
  <system-out/>
  <testcase name="clickSubmitButtonApplicationListPage" time="35.067" classname="com.fitsyn.qa.testcases.RailSixApplicationAPIDataSubmit"/>
  <system-out/>
</testsuite> <!-- com.fitsyn.qa.testcases.RailSixApplicationAPIDataSubmit -->
