<?xml version="1.0" encoding="UTF-8"?>
<!-- Generated by org.testng.reporters.JUnitReportReporter -->
<testsuite skipped="0" hostname="LAPTOP-IFLMPRQ2" name="com.fitsyn.qa.testcases.RailSixDCLOffers" tests="1" failures="0" timestamp="2021-11-24T19:04:42 IST" time="120.261" errors="0">
  <testcase name="debtConsolidationLoan" time="120.261" classname="com.fitsyn.qa.testcases.RailSixDCLOffers"/>
  <system-out/>
</testsuite> <!-- com.fitsyn.qa.testcases.RailSixDCLOffers -->
