<?xml version="1.0" encoding="UTF-8"?>
<!-- Generated by org.testng.reporters.JUnitReportReporter -->
<testsuite skipped="0" hostname="LAPTOP-IFLMPRQ2" name="com.mario.qa.testcases1.AddServiceRequest" tests="1" failures="0" timestamp="2022-01-24T15:46:35 IST" time="35.619" errors="0">
  <testcase name="viewServiceRequestDetails" time="35.619" classname="com.mario.qa.testcases1.AddServiceRequest"/>
  <system-out/>
</testsuite> <!-- com.mario.qa.testcases1.AddServiceRequest -->
