<?xml version="1.0" encoding="UTF-8"?>
<!-- Generated by org.testng.reporters.JUnitReportReporter -->
<testsuite skipped="0" hostname="LAPTOP-IFLMPRQ2" name="com.mario.qa.testcases.CreateCustomers" tests="1" failures="0" timestamp="2021-12-23T17:27:30 IST" time="32.993" errors="0">
  <testcase name="addCustomers" time="32.993" classname="com.mario.qa.testcases.CreateCustomers"/>
  <system-out/>
</testsuite> <!-- com.mario.qa.testcases.CreateCustomers -->
