<?xml version="1.0" encoding="UTF-8"?>
<!-- Generated by org.testng.reporters.JUnitReportReporter -->
<testsuite skipped="0" hostname="LAPTOP-IFLMPRQ2" name="com.mario.qa.testcases.Vehicle" tests="2" failures="0" timestamp="2022-01-24T16:27:04 IST" time="87.639" errors="0">
  <testcase name="sortVehicle" time="20.639" classname="com.mario.qa.testcases.Vehicle"/>
  <system-out/>
  <testcase name="editVehicle" time="67.000" classname="com.mario.qa.testcases.Vehicle"/>
  <system-out/>
</testsuite> <!-- com.mario.qa.testcases.Vehicle -->
