<?xml version="1.0" encoding="UTF-8"?>
<!-- Generated by org.testng.reporters.JUnitReportReporter -->
<testsuite skipped="0" hostname="LAPTOP-IFLMPRQ2" name="com.fitsyn.qa.testcases.RaiLSixCreateApplication" tests="1" failures="0" timestamp="2021-10-12T15:50:27 IST" time="55.248" errors="0">
  <testcase name="createRailsixApplication" time="55.248" classname="com.fitsyn.qa.testcases.RaiLSixCreateApplication"/>
  <system-out/>
</testsuite> <!-- com.fitsyn.qa.testcases.RaiLSixCreateApplication -->
