<?xml version="1.0" encoding="UTF-8"?>
<!-- Generated by org.testng.reporters.JUnitReportReporter -->
<testsuite skipped="0" hostname="LAPTOP-IFLMPRQ2" name="com.mario.qa.testcases.Drivers" tests="3" failures="0" timestamp="2022-01-24T16:33:45 IST" time="87.504" errors="0">
  <testcase name="addDriver" time="58.139" classname="com.mario.qa.testcases.Drivers"/>
  <system-out/>
  <testcase name="editDriver" time="20.463" classname="com.mario.qa.testcases.Drivers"/>
  <system-out/>
  <testcase name="sortDriver" time="8.902" classname="com.mario.qa.testcases.Drivers"/>
  <system-out/>
</testsuite> <!-- com.mario.qa.testcases.Drivers -->
