<?xml version="1.0" encoding="UTF-8"?>
<!-- Generated by org.testng.reporters.JUnitReportReporter -->
<testsuite skipped="0" hostname="LAPTOP-IFLMPRQ2" name="com.fitsyn.qa.testcases.ProcessorUser" tests="7" failures="0" timestamp="2021-07-28T17:43:17 IST" time="152.847" errors="0">
  <testcase name="userProcessor" time="42.458" classname="com.fitsyn.qa.testcases.ProcessorUser"/>
  <system-out/>
  <testcase name="userAccess" time="27.507" classname="com.fitsyn.qa.testcases.ProcessorUser"/>
  <system-out/>
  <testcase name="userEdit" time="17.553" classname="com.fitsyn.qa.testcases.ProcessorUser"/>
  <system-out/>
  <testcase name="changePassword" time="14.949" classname="com.fitsyn.qa.testcases.ProcessorUser"/>
  <system-out/>
  <testcase name="editCommission" time="10.289" classname="com.fitsyn.qa.testcases.ProcessorUser"/>
  <system-out/>
  <testcase name="activeAndInactive" time="11.628" classname="com.fitsyn.qa.testcases.ProcessorUser"/>
  <system-out/>
  <testcase name="switchToUserAccount" time="28.463" classname="com.fitsyn.qa.testcases.ProcessorUser"/>
  <system-out/>
</testsuite> <!-- com.fitsyn.qa.testcases.ProcessorUser -->
