<?xml version="1.0" encoding="UTF-8"?>
<!-- Generated by org.testng.reporters.JUnitReportReporter -->
<testsuite skipped="0" hostname="LAPTOP-IFLMPRQ2" name="com.fitsyn.qa.testcases.RailSixInitiateApplicationwithoptinRun" tests="1" failures="0" timestamp="2021-11-24T14:30:25 IST" time="70.068" errors="0">
  <testcase name="createRailsixApplicationwithoptinRun" time="70.068" classname="com.fitsyn.qa.testcases.RailSixInitiateApplicationwithoptinRun"/>
  <system-out/>
</testsuite> <!-- com.fitsyn.qa.testcases.RailSixInitiateApplicationwithoptinRun -->
