<?xml version="1.0" encoding="UTF-8"?>
<!-- Generated by org.testng.reporters.JUnitReportReporter -->
<testsuite skipped="0" hostname="LAPTOP-IFLMPRQ2" name="com.mario.qa.testcases.Yards" tests="1" failures="0" timestamp="2022-01-13T19:43:22 IST" time="41.239" errors="0">
  <testcase name="addYard" time="41.239" classname="com.mario.qa.testcases.Yards"/>
  <system-out/>
</testsuite> <!-- com.mario.qa.testcases.Yards -->
