<?xml version="1.0" encoding="UTF-8"?>
<!-- Generated by org.testng.reporters.JUnitReportReporter -->
<testsuite skipped="0" hostname="LAPTOP-IFLMPRQ2" name="com.fitsyn.qa.testcases.RailOneInitiateApplication" tests="2" failures="0" timestamp="2021-11-24T19:04:42 IST" time="59.042" errors="0">
  <testcase name="subaccountSettingRailOne" time="30.123" classname="com.fitsyn.qa.testcases.RailOneInitiateApplication"/>
  <system-out/>
  <testcase name="createApplicationRailOne" time="28.919" classname="com.fitsyn.qa.testcases.RailOneInitiateApplication"/>
  <system-out/>
</testsuite> <!-- com.fitsyn.qa.testcases.RailOneInitiateApplication -->
