<?xml version="1.0" encoding="UTF-8"?>
<!-- Generated by org.testng.reporters.JUnitReportReporter -->
<testsuite skipped="0" hostname="LAPTOP-IFLMPRQ2" name="com.fitsyn.qa.testcases.SecondUserList" tests="6" failures="0" timestamp="2021-07-26T15:59:27 IST" time="113.738" errors="0">
  <testcase name="userSuperAdmin" time="32.724" classname="com.fitsyn.qa.testcases.SecondUserList"/>
  <system-out/>
  <testcase name="userEdit" time="15.499" classname="com.fitsyn.qa.testcases.SecondUserList"/>
  <system-out/>
  <testcase name="changePassword" time="15.836" classname="com.fitsyn.qa.testcases.SecondUserList"/>
  <system-out/>
  <testcase name="addCommission" time="11.731" classname="com.fitsyn.qa.testcases.SecondUserList"/>
  <system-out/>
  <testcase name="activeAndInactive" time="11.658" classname="com.fitsyn.qa.testcases.SecondUserList"/>
  <system-out/>
  <testcase name="switchToUserAccount" time="26.290" classname="com.fitsyn.qa.testcases.SecondUserList"/>
  <system-out/>
</testsuite> <!-- com.fitsyn.qa.testcases.SecondUserList -->
