<?xml version="1.0" encoding="UTF-8"?>
<!-- Generated by org.testng.reporters.JUnitReportReporter -->
<testsuite skipped="0" hostname="LAPTOP-IFLMPRQ2" name="com.fitsyn.qa.base.TestBase1" tests="1" failures="0" timestamp="2021-12-16T16:03:06 IST" time="26.246" errors="0">
  <testcase name="initialization" time="26.246" classname="com.fitsyn.qa.base.TestBase1"/>
  <system-out/>
</testsuite> <!-- com.fitsyn.qa.base.TestBase1 -->
