<?xml version="1.0" encoding="UTF-8"?>
<!-- Generated by org.testng.reporters.JUnitReportReporter -->
<testsuite skipped="0" hostname="LAPTOP-IFLMPRQ2" name="com.fitsyn.qa.testcases.RailSixCreateApplicationPublicForm" tests="1" failures="0" timestamp="2021-11-24T19:04:42 IST" time="86.023" errors="0">
  <testcase name="publicForm" time="86.023" classname="com.fitsyn.qa.testcases.RailSixCreateApplicationPublicForm"/>
  <system-out/>
</testsuite> <!-- com.fitsyn.qa.testcases.RailSixCreateApplicationPublicForm -->
