<?xml version="1.0" encoding="UTF-8"?>
<!-- Generated by org.testng.reporters.JUnitReportReporter -->
<testsuite skipped="0" hostname="LAPTOP-IFLMPRQ2" name="com.fitsyn.qa.testcases.DownloadCSVinApplicationListPage" tests="1" failures="0" timestamp="2021-11-24T19:04:42 IST" time="323.255" errors="0">
  <testcase name="downloadCSVinApplicationListPage" time="323.255" classname="com.fitsyn.qa.testcases.DownloadCSVinApplicationListPage"/>
  <system-out/>
</testsuite> <!-- com.fitsyn.qa.testcases.DownloadCSVinApplicationListPage -->
