<?xml version="1.0" encoding="UTF-8"?>
<!-- Generated by org.testng.reporters.JUnitReportReporter -->
<testsuite skipped="0" hostname="LAPTOP-IFLMPRQ2" name="com.fitsyn.qa.testcases.PubicFormRailTwoApplication" tests="1" failures="0" timestamp="2021-10-31T18:34:56 IST" time="95.439" errors="0">
  <testcase name="publicForm" time="95.439" classname="com.fitsyn.qa.testcases.PubicFormRailTwoApplication"/>
  <system-out/>
</testsuite> <!-- com.fitsyn.qa.testcases.PubicFormRailTwoApplication -->
