<?xml version="1.0" encoding="UTF-8"?>
<!-- Generated by org.testng.reporters.JUnitReportReporter -->
<testsuite skipped="0" hostname="LAPTOP-IFLMPRQ2" name="com.mario.qa.testcases.AddInsuranceProviders" tests="3" failures="0" timestamp="2021-12-28T17:08:44 IST" time="32.138" errors="0">
  <testcase name="viewInsauranceProviderDetails" time="19.243" classname="com.mario.qa.testcases.AddInsuranceProviders"/>
  <system-out/>
  <testcase name="sortInsuarance" time="7.452" classname="com.mario.qa.testcases.AddInsuranceProviders"/>
  <system-out/>
  <testcase name="disableInsuranceDetails" time="5.443" classname="com.mario.qa.testcases.AddInsuranceProviders"/>
  <system-out/>
</testsuite> <!-- com.mario.qa.testcases.AddInsuranceProviders -->
