<?xml version="1.0" encoding="UTF-8"?>
<!-- Generated by org.testng.reporters.JUnitReportReporter -->
<testsuite skipped="0" hostname="LAPTOP-IFLMPRQ2" name="com.fitsyn.qa.testcases.UsersList" tests="6" failures="0" timestamp="2021-07-26T13:30:56 IST" time="156.283" errors="0">
  <testcase name="userRepresentative" time="39.259" classname="com.fitsyn.qa.testcases.UsersList"/>
  <system-out/>
  <testcase name="userSuperAdmin" time="22.719" classname="com.fitsyn.qa.testcases.UsersList"/>
  <system-out/>
  <testcase name="userAdmin" time="22.093" classname="com.fitsyn.qa.testcases.UsersList"/>
  <system-out/>
  <testcase name="userManager" time="21.382" classname="com.fitsyn.qa.testcases.UsersList"/>
  <system-out/>
  <testcase name="userProcessor" time="21.866" classname="com.fitsyn.qa.testcases.UsersList"/>
  <system-out/>
  <testcase name="userSeller" time="28.964" classname="com.fitsyn.qa.testcases.UsersList"/>
  <system-out/>
</testsuite> <!-- com.fitsyn.qa.testcases.UsersList -->
