<?xml version="1.0" encoding="UTF-8"?>
<!-- Generated by org.testng.reporters.JUnitReportReporter -->
<testsuite skipped="0" hostname="LAPTOP-IFLMPRQ2" name="com.fitsyn.qa.testcases.AdminUser" tests="6" failures="0" timestamp="2021-07-28T17:48:43 IST" time="131.831" errors="0">
  <testcase name="userAdmin" time="30.406" classname="com.fitsyn.qa.testcases.AdminUser"/>
  <system-out/>
  <testcase name="userAccess" time="26.641" classname="com.fitsyn.qa.testcases.AdminUser"/>
  <system-out/>
  <testcase name="userEdit" time="16.736" classname="com.fitsyn.qa.testcases.AdminUser"/>
  <system-out/>
  <testcase name="changePassword" time="15.267" classname="com.fitsyn.qa.testcases.AdminUser"/>
  <system-out/>
  <testcase name="activeAndInactive" time="11.489" classname="com.fitsyn.qa.testcases.AdminUser"/>
  <system-out/>
  <testcase name="switchToUserAccount" time="31.292" classname="com.fitsyn.qa.testcases.AdminUser"/>
  <system-out/>
</testsuite> <!-- com.fitsyn.qa.testcases.AdminUser -->
