<?xml version="1.0" encoding="UTF-8"?>
<!-- Generated by org.testng.reporters.JUnitReportReporter -->
<testsuite skipped="0" hostname="LAPTOP-IFLMPRQ2" name="com.mario.qa.testcases.InsuranceProviders" tests="4" failures="0" timestamp="2022-01-24T16:48:08 IST" time="68.505" errors="0">
  <testcase name="addInsuranceProvider" time="32.927" classname="com.mario.qa.testcases.InsuranceProviders"/>
  <system-out/>
  <testcase name="editInsuranceProvider" time="18.041" classname="com.mario.qa.testcases.InsuranceProviders"/>
  <system-out/>
  <testcase name="viewInsuranceProviderDetails" time="9.646" classname="com.mario.qa.testcases.InsuranceProviders"/>
  <system-out/>
  <testcase name="sortInsuarance" time="7.891" classname="com.mario.qa.testcases.InsuranceProviders"/>
  <system-out/>
</testsuite> <!-- com.mario.qa.testcases.InsuranceProviders -->
