<?xml version="1.0" encoding="UTF-8"?>
<!-- Generated by org.testng.reporters.JUnitReportReporter -->
<testsuite skipped="0" hostname="LAPTOP-IFLMPRQ2" name="com.mario.qa.testcases.LoggoutUser" tests="1" failures="0" timestamp="2022-01-18T19:15:34 IST" time="15.607" errors="0">
  <testcase name="loggoutAdminUser" time="15.607" classname="com.mario.qa.testcases.LoggoutUser"/>
  <system-out/>
</testsuite> <!-- com.mario.qa.testcases.LoggoutUser -->
