<?xml version="1.0" encoding="UTF-8"?>
<!-- Generated by org.testng.reporters.JUnitReportReporter -->
<testsuite skipped="0" hostname="LAPTOP-IFLMPRQ2" name="com.fitsyn.qa.testcases.RailSixCreateApplicationwithoptinRun" tests="1" failures="0" timestamp="2021-10-12T16:40:00 IST" time="57.036" errors="0">
  <testcase name="createRailsixApplicationwithoptinRun" time="57.036" classname="com.fitsyn.qa.testcases.RailSixCreateApplicationwithoptinRun"/>
  <system-out/>
</testsuite> <!-- com.fitsyn.qa.testcases.RailSixCreateApplicationwithoptinRun -->
