<?xml version="1.0" encoding="UTF-8"?>
<!-- Generated by org.testng.reporters.JUnitReportReporter -->
<testsuite skipped="0" hostname="LAPTOP-IFLMPRQ2" name="com.fitsyn.qa.testcases.RailTwo" tests="1" failures="0" timestamp="2021-10-13T10:56:08 IST" time="90.265" errors="0">
  <testcase name="createRailtwoApplication" time="90.265" classname="com.fitsyn.qa.testcases.RailTwo"/>
  <system-out/>
</testsuite> <!-- com.fitsyn.qa.testcases.RailTwo -->
