<?xml version="1.0" encoding="UTF-8"?>
<!-- Generated by org.testng.reporters.JUnitReportReporter -->
<testsuite skipped="0" hostname="LAPTOP-IFLMPRQ2" name="com.mario.qa.testcases.AddYards" tests="6" failures="0" timestamp="2022-01-11T15:55:50 IST" time="81.137" errors="0">
  <testcase name="addYard" time="34.590" classname="com.mario.qa.testcases.AddYards"/>
  <system-out/>
  <testcase name="editYard" time="20.506" classname="com.mario.qa.testcases.AddYards"/>
  <system-out/>
  <testcase name="sortYard" time="5.627" classname="com.mario.qa.testcases.AddYards"/>
  <system-out/>
  <testcase name="viewYardDetails" time="9.617" classname="com.mario.qa.testcases.AddYards"/>
  <system-out/>
  <testcase name="makeSpotFull" time="5.393" classname="com.mario.qa.testcases.AddYards"/>
  <system-out/>
  <testcase name="disableYardDetails" time="5.404" classname="com.mario.qa.testcases.AddYards"/>
  <system-out/>
</testsuite> <!-- com.mario.qa.testcases.AddYards -->
