<?xml version="1.0" encoding="UTF-8"?>
<!-- Generated by org.testng.reporters.JUnitReportReporter -->
<testsuite skipped="0" hostname="LAPTOP-IFLMPRQ2" name="com.fitsyn.qa.testcases.FirstUsersList" tests="2" failures="0" timestamp="2021-07-26T15:43:39 IST" time="68.754" errors="0">
  <testcase name="changePassword" time="35.544" classname="com.fitsyn.qa.testcases.FirstUsersList"/>
  <system-out/>
  <testcase name="switchToUserAccount" time="33.210" classname="com.fitsyn.qa.testcases.FirstUsersList"/>
  <system-out/>
</testsuite> <!-- com.fitsyn.qa.testcases.FirstUsersList -->
