<?xml version="1.0" encoding="UTF-8"?>
<!-- Generated by org.testng.reporters.JUnitReportReporter -->
<testsuite skipped="0" hostname="LAPTOP-IFLMPRQ2" name="com.mario.qa.testcases.PriceGroup" tests="3" failures="0" timestamp="2022-01-24T17:02:34 IST" time="52.111" errors="0">
  <testcase name="addPriceGroup" time="29.676" classname="com.mario.qa.testcases.PriceGroup"/>
  <system-out/>
  <testcase name="editPriceGroup" time="10.595" classname="com.mario.qa.testcases.PriceGroup"/>
  <system-out/>
  <testcase name="sortPriceGroup" time="11.840" classname="com.mario.qa.testcases.PriceGroup"/>
  <system-out/>
</testsuite> <!-- com.mario.qa.testcases.PriceGroup -->
