<?xml version="1.0" encoding="UTF-8"?>
<!-- Generated by org.testng.reporters.JUnitReportReporter -->
<testsuite skipped="0" hostname="LAPTOP-IFLMPRQ2" name="com.mario.qa.testcases.Users" tests="1" failures="0" timestamp="2022-01-24T18:59:31 IST" time="22.495" errors="0">
  <testcase name="resetDriverPassword" time="22.495" classname="com.mario.qa.testcases.Users"/>
  <system-out/>
</testsuite> <!-- com.mario.qa.testcases.Users -->
