<?xml version="1.0" encoding="UTF-8"?>
<!-- Generated by org.testng.reporters.JUnitReportReporter -->
<testsuite skipped="0" hostname="LAPTOP-IFLMPRQ2" name="com.mario.qa.testcases.AddTerritories" tests="1" failures="0" timestamp="2021-12-23T15:07:54 IST" time="16.637" errors="0">
  <testcase name="addTerritory" time="16.637" classname="com.mario.qa.testcases.AddTerritories"/>
  <system-out/>
</testsuite> <!-- com.mario.qa.testcases.AddTerritories -->
