<?xml version="1.0" encoding="UTF-8"?>
<!-- Generated by org.testng.reporters.JUnitReportReporter -->
<testsuite skipped="0" hostname="LAPTOP-IFLMPRQ2" name="com.fitsyn.qa.testcases.RailTwoApplictionAPIDataSubmit" tests="2" failures="0" timestamp="2021-11-24T19:04:42 IST" time="17.976" errors="0">
  <testcase name="createApplicationRailTwoPOSTAPI" time="2.050" classname="com.fitsyn.qa.testcases.RailTwoApplictionAPIDataSubmit"/>
  <system-out/>
  <testcase name="clickSubmitButtonApplicationListPage" time="15.926" classname="com.fitsyn.qa.testcases.RailTwoApplictionAPIDataSubmit"/>
  <system-out/>
</testsuite> <!-- com.fitsyn.qa.testcases.RailTwoApplictionAPIDataSubmit -->
