<?xml version="1.0" encoding="UTF-8"?>
<!-- Generated by org.testng.reporters.JUnitReportReporter -->
<testsuite skipped="0" hostname="LAPTOP-IFLMPRQ2" name="com.fitsyn.qa.testcases.RailSixCreateApplicationwithoptinResubmitRun" tests="1" failures="0" timestamp="2021-09-24T17:22:34 IST" time="71.132" errors="0">
  <testcase name="createRailsixApplicationwithoptinResubmitRun" time="71.132" classname="com.fitsyn.qa.testcases.RailSixCreateApplicationwithoptinResubmitRun"/>
  <system-out/>
</testsuite> <!-- com.fitsyn.qa.testcases.RailSixCreateApplicationwithoptinResubmitRun -->
