<?xml version="1.0" encoding="UTF-8"?>
<!-- Generated by org.testng.reporters.JUnitReportReporter -->
<testsuite skipped="0" hostname="LAPTOP-IFLMPRQ2" name="com.fitsyn.qa.testcases.RailtwoWithRailSixResubmitWithOptinInitiateApplication" tests="1" failures="0" timestamp="2021-10-12T19:03:38 IST" time="113.108" errors="0">
  <testcase name="createRailtwoRailsixrwithoptinApplication" time="113.108" classname="com.fitsyn.qa.testcases.RailtwoWithRailSixResubmitWithOptinInitiateApplication"/>
  <system-out/>
</testsuite> <!-- com.fitsyn.qa.testcases.RailtwoWithRailSixResubmitWithOptinInitiateApplication -->
