<?xml version="1.0" encoding="UTF-8"?>
<!-- Generated by org.testng.reporters.JUnitReportReporter -->
<testsuite skipped="0" hostname="LAPTOP-IFLMPRQ2" name="com.fitsyn.qa.testcases.RaiLSixInitiateApplication" tests="2" failures="0" timestamp="2021-11-24T19:04:42 IST" time="68.861" errors="0">
  <testcase name="subaccountSettingRailSix" time="30.572" classname="com.fitsyn.qa.testcases.RaiLSixInitiateApplication"/>
  <system-out/>
  <testcase name="createRailsixApplication" time="38.289" classname="com.fitsyn.qa.testcases.RaiLSixInitiateApplication"/>
  <system-out/>
</testsuite> <!-- com.fitsyn.qa.testcases.RaiLSixInitiateApplication -->
