<?xml version="1.0" encoding="UTF-8"?>
<!-- Generated by org.testng.reporters.JUnitReportReporter -->
<testsuite skipped="0" hostname="LAPTOP-IFLMPRQ2" name="com.fitsyn.qa.testcases.RailOneApplicationAPIDataSubmit" tests="2" failures="0" timestamp="2021-11-24T19:04:42 IST" time="17.391" errors="0">
  <testcase name="createApplicationRailOnePOSTAPI" time="1.883" classname="com.fitsyn.qa.testcases.RailOneApplicationAPIDataSubmit"/>
  <system-out/>
  <testcase name="clickSubmitButtonApplicationListPage" time="15.508" classname="com.fitsyn.qa.testcases.RailOneApplicationAPIDataSubmit"/>
  <system-out/>
</testsuite> <!-- com.fitsyn.qa.testcases.RailOneApplicationAPIDataSubmit -->
