<?xml version="1.0" encoding="UTF-8"?>
<!-- Generated by org.testng.reporters.JUnitReportReporter -->
<testsuite skipped="0" hostname="LAPTOP-IFLMPRQ2" name="com.fitsyn.qa.testcases.RailTwoApplicationAPIDataRun" tests="2" failures="0" timestamp="2021-11-24T19:04:42 IST" time="23.378" errors="0">
  <testcase name="createApplicationRailTwoPOSTAPI" time="2.531" classname="com.fitsyn.qa.testcases.RailTwoApplicationAPIDataRun"/>
  <system-out/>
  <testcase name="clickRunButtonApplicationListPage" time="20.847" classname="com.fitsyn.qa.testcases.RailTwoApplicationAPIDataRun"/>
  <system-out/>
</testsuite> <!-- com.fitsyn.qa.testcases.RailTwoApplicationAPIDataRun -->
