<?xml version="1.0" encoding="UTF-8"?>
<!-- Generated by org.testng.reporters.JUnitReportReporter -->
<testsuite skipped="0" hostname="LAPTOP-IFLMPRQ2" name="com.fitsyn.qa.testcases.RainOneAfterPreofferprocess" tests="1" failures="0" timestamp="2021-10-25T16:21:57 IST" time="24.268" errors="0">
  <testcase name="showPreofferAfterpageDropdowmMenu" time="24.268" classname="com.fitsyn.qa.testcases.RainOneAfterPreofferprocess"/>
  <system-out/>
</testsuite> <!-- com.fitsyn.qa.testcases.RainOneAfterPreofferprocess -->
