<?xml version="1.0" encoding="UTF-8"?>
<!-- Generated by org.testng.reporters.JUnitReportReporter -->
<testsuite skipped="0" hostname="LAPTOP-IFLMPRQ2" name="com.fitsyn.qa.testcases.RailSixInitiateApplicationWithOptIn" tests="1" failures="0" timestamp="2021-11-24T19:04:42 IST" time="90.444" errors="0">
  <testcase name="createRailsixApplicationwithoptin" time="90.444" classname="com.fitsyn.qa.testcases.RailSixInitiateApplicationWithOptIn"/>
  <system-out/>
</testsuite> <!-- com.fitsyn.qa.testcases.RailSixInitiateApplicationWithOptIn -->
