<?xml version="1.0" encoding="UTF-8"?>
<!-- Generated by org.testng.reporters.JUnitReportReporter -->
<testsuite skipped="0" hostname="LAPTOP-IFLMPRQ2" name="com.mario.qa.testcases.AddPriceGroup" tests="1" failures="0" timestamp="2021-12-23T14:51:26 IST" time="19.640" errors="0">
  <testcase name="addPriceGroup" time="19.640" classname="com.mario.qa.testcases.AddPriceGroup"/>
  <system-out/>
</testsuite> <!-- com.mario.qa.testcases.AddPriceGroup -->
