<?xml version="1.0" encoding="UTF-8"?>
<!-- Generated by org.testng.reporters.JUnitReportReporter -->
<testsuite skipped="0" hostname="LAPTOP-IFLMPRQ2" name="com.fitsyn.qa.testcases.RailOneApplicationAPIDataRun" tests="2" failures="0" timestamp="2021-11-24T19:04:42 IST" time="25.562" errors="0">
  <testcase name="createApplicationRailOnePOSTAPI" time="5.375" classname="com.fitsyn.qa.testcases.RailOneApplicationAPIDataRun"/>
  <system-out/>
  <testcase name="clickRunButtonApplicationListPage" time="20.187" classname="com.fitsyn.qa.testcases.RailOneApplicationAPIDataRun"/>
  <system-out/>
</testsuite> <!-- com.fitsyn.qa.testcases.RailOneApplicationAPIDataRun -->
