<?xml version="1.0" encoding="UTF-8"?>
<!-- Generated by org.testng.reporters.JUnitReportReporter -->
<testsuite skipped="0" hostname="LAPTOP-IFLMPRQ2" name="com.fitsyn.qa.testcases.SellerUser" tests="7" failures="0" timestamp="2021-07-28T17:33:08 IST" time="152.030" errors="0">
  <testcase name="userSeller" time="45.393" classname="com.fitsyn.qa.testcases.SellerUser"/>
  <system-out/>
  <testcase name="userAccess" time="26.021" classname="com.fitsyn.qa.testcases.SellerUser"/>
  <system-out/>
  <testcase name="userEdit" time="16.534" classname="com.fitsyn.qa.testcases.SellerUser"/>
  <system-out/>
  <testcase name="changePassword" time="14.640" classname="com.fitsyn.qa.testcases.SellerUser"/>
  <system-out/>
  <testcase name="addCommission" time="10.415" classname="com.fitsyn.qa.testcases.SellerUser"/>
  <system-out/>
  <testcase name="activeAndInactive" time="11.476" classname="com.fitsyn.qa.testcases.SellerUser"/>
  <system-out/>
  <testcase name="switchToUserAccount" time="27.551" classname="com.fitsyn.qa.testcases.SellerUser"/>
  <system-out/>
</testsuite> <!-- com.fitsyn.qa.testcases.SellerUser -->
