<?xml version="1.0" encoding="UTF-8"?>
<!-- Generated by org.testng.reporters.JUnitReportReporter -->
<testsuite skipped="0" hostname="LAPTOP-IFLMPRQ2" name="com.mario.qa.testcases.AddVehicle" tests="2" failures="0" timestamp="2021-12-22T11:26:39 IST" time="173.023" errors="0">
  <testcase name="addVehicle" time="110.130" classname="com.mario.qa.testcases.AddVehicle"/>
  <system-out/>
  <testcase name="editVehicle" time="62.893" classname="com.mario.qa.testcases.AddVehicle"/>
  <system-out/>
</testsuite> <!-- com.mario.qa.testcases.AddVehicle -->
