<?xml version="1.0" encoding="UTF-8"?>
<!-- Generated by org.testng.reporters.JUnitReportReporter -->
<testsuite skipped="0" hostname="LAPTOP-IFLMPRQ2" name="com.fitsyn.qa.testcases.RailSixApplicationAPIDataRun" tests="2" failures="0" timestamp="2021-10-19T13:18:10 IST" time="30.177" errors="0">
  <testcase name="createApplicationRailSixPOSTAPI" time="4.119" classname="com.fitsyn.qa.testcases.RailSixApplicationAPIDataRun"/>
  <system-out/>
  <testcase name="clickRunButtonApplicationListPage" time="26.058" classname="com.fitsyn.qa.testcases.RailSixApplicationAPIDataRun"/>
  <system-out/>
</testsuite> <!-- com.fitsyn.qa.testcases.RailSixApplicationAPIDataRun -->
