<?xml version="1.0" encoding="UTF-8"?>
<!-- Generated by org.testng.reporters.JUnitReportReporter -->
<testsuite skipped="0" hostname="LAPTOP-IFLMPRQ2" name="com.fitsyn.qa.testcases.AddVehicle" tests="1" failures="0" timestamp="2021-12-13T18:57:59 IST" time="100.672" errors="0">
  <testcase name="addVehicle" time="100.672" classname="com.fitsyn.qa.testcases.AddVehicle"/>
  <system-out/>
</testsuite> <!-- com.fitsyn.qa.testcases.AddVehicle -->
