<?xml version="1.0" encoding="UTF-8"?>
<!-- Generated by org.testng.reporters.JUnitReportReporter -->
<testsuite skipped="0" hostname="LAPTOP-IFLMPRQ2" name="com.fitsyn.qa.testcases.SuperAdminUser" tests="1" failures="0" timestamp="2021-07-28T17:21:57 IST" time="37.091" errors="0">
  <testcase name="switchToUserAccount" time="37.091" classname="com.fitsyn.qa.testcases.SuperAdminUser"/>
  <system-out/>
</testsuite> <!-- com.fitsyn.qa.testcases.SuperAdminUser -->
