<?xml version="1.0" encoding="UTF-8"?>
<!-- Generated by org.testng.reporters.JUnitReportReporter -->
<testsuite skipped="0" hostname="LAPTOP-IFLMPRQ2" name="com.fitsyn.qa.testcases.RailtwoWithRailSixWithOptinInitiateApplication" tests="1" failures="0" timestamp="2021-10-19T15:53:47 IST" time="210.420" errors="0">
  <testcase name="createRailtwoRailsixrwithoptinApplication" time="210.420" classname="com.fitsyn.qa.testcases.RailtwoWithRailSixWithOptinInitiateApplication"/>
  <system-out/>
</testsuite> <!-- com.fitsyn.qa.testcases.RailtwoWithRailSixWithOptinInitiateApplication -->
