<?xml version="1.0" encoding="UTF-8"?>
<!-- Generated by org.testng.reporters.JUnitReportReporter -->
<testsuite skipped="0" hostname="LAPTOP-IFLMPRQ2" name="com.fitsyn.qa.testcases.RailTwoWithRailSixInitiateApplication" tests="2" failures="0" timestamp="2021-10-19T15:29:51 IST" time="152.544" errors="0">
  <testcase name="subaccountSettingRailTwoRailSix" time="29.775" classname="com.fitsyn.qa.testcases.RailTwoWithRailSixInitiateApplication"/>
  <system-out/>
  <testcase name="createRailtwoRailsixApplication" time="122.769" classname="com.fitsyn.qa.testcases.RailTwoWithRailSixInitiateApplication"/>
  <system-out/>
</testsuite> <!-- com.fitsyn.qa.testcases.RailTwoWithRailSixInitiateApplication -->
