<?xml version="1.0" encoding="UTF-8"?>
<!-- Generated by org.testng.reporters.JUnitReportReporter -->
<testsuite skipped="0" hostname="LAPTOP-IFLMPRQ2" name="com.mario.qa.testcases2.ChangeStatus" tests="1" failures="0" timestamp="2022-01-24T20:12:32 IST" time="19.910" errors="0">
  <testcase name="changeServiceRequest" time="19.910" classname="com.mario.qa.testcases2.ChangeStatus"/>
  <system-out/>
</testsuite> <!-- com.mario.qa.testcases2.ChangeStatus -->
