<?xml version="1.0" encoding="UTF-8"?>
<!-- Generated by org.testng.reporters.JUnitReportReporter -->
<testsuite skipped="0" hostname="LAPTOP-IFLMPRQ2" name="com.fitsyn.qa.testcases.RailSixCreateApplicationWithOptIn" tests="1" failures="0" timestamp="2021-10-12T16:02:46 IST" time="81.277" errors="0">
  <testcase name="createRailsixApplicationwithoptin" time="81.277" classname="com.fitsyn.qa.testcases.RailSixCreateApplicationWithOptIn"/>
  <system-out/>
</testsuite> <!-- com.fitsyn.qa.testcases.RailSixCreateApplicationWithOptIn -->
