<?xml version="1.0" encoding="UTF-8"?>
<!-- Generated by org.testng.reporters.JUnitReportReporter -->
<testsuite skipped="0" hostname="LAPTOP-IFLMPRQ2" name="com.mario.qa.testcases.Insurances" tests="4" failures="0" timestamp="2022-01-24T16:58:49 IST" time="149.789" errors="0">
  <testcase name="addInsurance" time="84.828" classname="com.mario.qa.testcases.Insurances"/>
  <system-out/>
  <testcase name="editInsurance" time="44.482" classname="com.mario.qa.testcases.Insurances"/>
  <system-out/>
  <testcase name="sortInsurance" time="9.452" classname="com.mario.qa.testcases.Insurances"/>
  <system-out/>
  <testcase name="viewInsuranceDetails" time="11.027" classname="com.mario.qa.testcases.Insurances"/>
  <system-out/>
</testsuite> <!-- com.mario.qa.testcases.Insurances -->
