<?xml version="1.0" encoding="UTF-8"?>
<!-- Generated by org.testng.reporters.JUnitReportReporter -->
<testsuite skipped="0" hostname="LAPTOP-IFLMPRQ2" name="com.mario.qa.testcases.Permits" tests="5" failures="0" timestamp="2022-01-24T16:44:22 IST" time="235.243" errors="0">
  <testcase name="addPermit" time="128.956" classname="com.mario.qa.testcases.Permits"/>
  <system-out/>
  <testcase name="sortPermit" time="5.805" classname="com.mario.qa.testcases.Permits"/>
  <system-out/>
  <testcase name="editPermit" time="80.098" classname="com.mario.qa.testcases.Permits"/>
  <system-out/>
  <testcase name="sortPermit1" time="5.729" classname="com.mario.qa.testcases.Permits"/>
  <system-out/>
  <testcase name="viewPermitDetails" time="14.655" classname="com.mario.qa.testcases.Permits"/>
  <system-out/>
</testsuite> <!-- com.mario.qa.testcases.Permits -->
