<?xml version="1.0" encoding="UTF-8"?>
<!-- Generated by org.testng.reporters.JUnitReportReporter -->
<testsuite skipped="0" hostname="LAPTOP-IFLMPRQ2" name="com.mario.qa.testcases.Territories" tests="3" failures="0" timestamp="2022-01-24T16:03:55 IST" time="51.494" errors="0">
  <testcase name="addTerritory" time="33.903" classname="com.mario.qa.testcases.Territories"/>
  <system-out/>
  <testcase name="editTerritory" time="9.860" classname="com.mario.qa.testcases.Territories"/>
  <system-out/>
  <testcase name="sortTerritory" time="7.731" classname="com.mario.qa.testcases.Territories"/>
  <system-out/>
</testsuite> <!-- com.mario.qa.testcases.Territories -->
