<?xml version="1.0" encoding="UTF-8"?>
<!-- Generated by org.testng.reporters.JUnitReportReporter -->
<testsuite skipped="0" hostname="LAPTOP-IFLMPRQ2" name="com.fitsyn.qa.testcases.PublicformRailoneApplication" tests="1" failures="0" timestamp="2021-10-31T18:07:19 IST" time="91.267" errors="0">
  <testcase name="publicFormRailone" time="91.267" classname="com.fitsyn.qa.testcases.PublicformRailoneApplication"/>
  <system-out/>
</testsuite> <!-- com.fitsyn.qa.testcases.PublicformRailoneApplication -->
