<?xml version="1.0" encoding="UTF-8"?>
<!-- Generated by org.testng.reporters.JUnitReportReporter -->
<testsuite skipped="0" hostname="LAPTOP-IFLMPRQ2" name="com.fitsyn.qa.testcases.RailTwoInitiateApplication" tests="2" failures="0" timestamp="2021-11-24T19:04:42 IST" time="106.863" errors="0">
  <testcase name="subaccountSettingRailTwo" time="33.102" classname="com.fitsyn.qa.testcases.RailTwoInitiateApplication"/>
  <system-out/>
  <testcase name="createRailtwoApplication" time="73.761" classname="com.fitsyn.qa.testcases.RailTwoInitiateApplication"/>
  <system-out/>
</testsuite> <!-- com.fitsyn.qa.testcases.RailTwoInitiateApplication -->
