<?xml version="1.0" encoding="UTF-8"?>
<!-- Generated by org.testng.reporters.JUnitReportReporter -->
<testsuite skipped="0" hostname="LAPTOP-IFLMPRQ2" name="com.mario.qa.testcases.Insaurance" tests="2" failures="0" timestamp="2022-01-05T18:34:27 IST" time="114.000" errors="0">
  <testcase name="addInsaurance" time="81.615" classname="com.mario.qa.testcases.Insaurance"/>
  <system-out/>
  <testcase name="editInsaurance" time="32.385" classname="com.mario.qa.testcases.Insaurance"/>
  <system-out/>
</testsuite> <!-- com.mario.qa.testcases.Insaurance -->
