<?xml version="1.0" encoding="UTF-8"?>
<!-- Generated by org.testng.reporters.JUnitReportReporter -->
<testsuite skipped="0" hostname="LAPTOP-IFLMPRQ2" name="com.fitsyn.qa.testcases.CreateCustomers" tests="1" failures="0" timestamp="2021-12-09T17:29:07 IST" time="15.360" errors="0">
  <testcase name="sortCustomer" time="15.360" classname="com.fitsyn.qa.testcases.CreateCustomers"/>
  <system-out/>
</testsuite> <!-- com.fitsyn.qa.testcases.CreateCustomers -->
