<?xml version="1.0" encoding="UTF-8"?>
<!-- Generated by org.testng.reporters.JUnitReportReporter -->
<testsuite skipped="0" hostname="LAPTOP-IFLMPRQ2" name="com.fitsyn.qa.testcases.Login" tests="1" failures="0" timestamp="2021-11-26T17:20:34 IST" time="4.907" errors="0">
  <testcase name="loginApp" time="4.907" classname="com.fitsyn.qa.testcases.Login"/>
  <system-out/>
</testsuite> <!-- com.fitsyn.qa.testcases.Login -->
