<?xml version="1.0" encoding="UTF-8"?>
<!-- Generated by org.testng.reporters.JUnitReportReporter -->
<testsuite skipped="0" hostname="LAPTOP-IFLMPRQ2" name="com.fitsyn.qa.testcases.CreateDrivers" tests="1" failures="0" timestamp="2021-12-09T17:27:29 IST" time="15.919" errors="0">
  <testcase name="sortDriver" time="15.919" classname="com.fitsyn.qa.testcases.CreateDrivers"/>
  <system-out/>
</testsuite> <!-- com.fitsyn.qa.testcases.CreateDrivers -->
