<?xml version="1.0" encoding="UTF-8"?>
<!-- Generated by org.testng.reporters.JUnitReportReporter -->
<testsuite skipped="0" hostname="LAPTOP-IFLMPRQ2" name="com.fitsyn.qa.testcases.GlobalFilterRailSix" tests="2" failures="0" timestamp="2021-10-19T19:41:02 IST" time="29.672" errors="0">
  <testcase name="createApplicationRailSixPOSTAPI" time="4.099" classname="com.fitsyn.qa.testcases.GlobalFilterRailSix"/>
  <system-out/>
  <testcase name="clickRunButtonApplicationListPage" time="25.573" classname="com.fitsyn.qa.testcases.GlobalFilterRailSix"/>
  <system-out/>
</testsuite> <!-- com.fitsyn.qa.testcases.GlobalFilterRailSix -->
